# JRE version: OpenJDK Runtime Environment (8.0_152-b28) (build 1.8.0_152-release-1343-b28)
# Java VM: OpenJDK 64-Bit Server VM (25.152-b28 mixed mode linux-amd64 compressed oops)
Heap:
 par new generation   total 39296K, used 35236K [0x00000000d1200000, 0x00000000d3ca0000, 0x00000000e0c00000)
  eden space 34944K,  88% used [0x00000000d1200000, 0x00000000d30292d8, 0x00000000d3420000)
  from space 4352K, 100% used [0x00000000d3420000, 0x00000000d3860000, 0x00000000d3860000)
  to   space 4352K,   0% used [0x00000000d3860000, 0x00000000d3860000, 0x00000000d3ca0000)
 concurrent mark-sweep generation total 103524K, used 55439K [0x00000000e0c00000, 0x00000000e7119000, 0x0000000100000000)
 Metaspace       used 129513K, capacity 135608K, committed 135732K, reserved 1167360K
  class space    used 16851K, capacity 18009K, committed 18068K, reserved 1048576K
GC Heap History (10 events):
Event: 75.631 GC heap before
{Heap before GC invocations=23 (full 4):
 par new generation   total 39296K, used 37188K [0x00000000d1200000, 0x00000000d3ca0000, 0x00000000e0c00000)
  eden space 34944K, 100% used [0x00000000d1200000, 0x00000000d3420000, 0x00000000d3420000)
  from space 4352K,  51% used [0x00000000d3860000, 0x00000000d3a91398, 0x00000000d3ca0000)
  to   space 4352K,   0% used [0x00000000d3420000, 0x00000000d3420000, 0x00000000d3860000)
 concurrent mark-sweep generation total 103524K, used 65511K [0x00000000e0c00000, 0x00000000e7119000, 0x0000000100000000)
 Metaspace       used 128008K, capacity 133924K, committed 134068K, reserved 1165312K
  class space    used 16764K, capacity 17889K, committed 17940K, reserved 1048576K
Event: 75.648 GC heap after
Heap after GC invocations=24 (full 4):
 par new generation   total 39296K, used 4352K [0x00000000d1200000, 0x00000000d3ca0000, 0x00000000e0c00000)
  eden space 34944K,   0% used [0x00000000d1200000, 0x00000000d1200000, 0x00000000d3420000)
  from space 4352K, 100% used [0x00000000d3420000, 0x00000000d3860000, 0x00000000d3860000)
  to   space 4352K,   0% used [0x00000000d3860000, 0x00000000d3860000, 0x00000000d3ca0000)
 concurrent mark-sweep generation total 103524K, used 65637K [0x00000000e0c00000, 0x00000000e7119000, 0x0000000100000000)
 Metaspace       used 128008K, capacity 133924K, committed 134068K, reserved 1165312K
  class space    used 16764K, capacity 17889K, committed 17940K, reserved 1048576K
}
Event: 76.688 GC heap before
{Heap before GC invocations=24 (full 4):
 par new generation   total 39296K, used 39296K [0x00000000d1200000, 0x00000000d3ca0000, 0x00000000e0c00000)
  eden space 34944K, 100% used [0x00000000d1200000, 0x00000000d3420000, 0x00000000d3420000)
  from space 4352K, 100% used [0x00000000d3420000, 0x00000000d3860000, 0x00000000d3860000)
  to   space 4352K,   0% used [0x00000000d3860000, 0x00000000d3860000, 0x00000000d3ca0000)
 concurrent mark-sweep generation total 103524K, used 65637K [0x00000000e0c00000, 0x00000000e7119000, 0x0000000100000000)
 Metaspace       used 128027K, capacity 133924K, committed 134068K, reserved 1165312K
  class space    used 16764K, capacity 17889K, committed 17940K, reserved 1048576K
Event: 76.717 GC heap after
Heap after GC invocations=25 (full 4):
 par new generation   total 39296K, used 4352K [0x00000000d1200000, 0x00000000d3ca0000, 0x00000000e0c00000)
  eden space 34944K,   0% used [0x00000000d1200000, 0x00000000d1200000, 0x00000000d3420000)
  from space 4352K, 100% used [0x00000000d3860000, 0x00000000d3ca0000, 0x00000000d3ca0000)
  to   space 4352K,   0% used [0x00000000d3420000, 0x00000000d3420000, 0x00000000d3860000)
 concurrent mark-sweep generation total 103524K, used 69533K [0x00000000e0c00000, 0x00000000e7119000, 0x0000000100000000)
 Metaspace       used 128027K, capacity 133924K, committed 134068K, reserved 1165312K
  class space    used 16764K, capacity 17889K, committed 17940K, reserved 1048576K
}
Event: 77.357 GC heap before
{Heap before GC invocations=25 (full 4):
 par new generation   total 39296K, used 39296K [0x00000000d1200000, 0x00000000d3ca0000, 0x00000000e0c00000)
  eden space 34944K, 100% used [0x00000000d1200000, 0x00000000d3420000, 0x00000000d3420000)
  from space 4352K, 100% used [0x00000000d3860000, 0x00000000d3ca0000, 0x00000000d3ca0000)
  to   space 4352K,   0% used [0x00000000d3420000, 0x00000000d3420000, 0x00000000d3860000)
 concurrent mark-sweep generation total 103524K, used 69533K [0x00000000e0c00000, 0x00000000e7119000, 0x0000000100000000)
 Metaspace       used 128044K, capacity 133988K, committed 134068K, reserved 1165312K
  class space    used 16764K, capacity 17889K, committed 17940K, reserved 1048576K
Event: 77.380 GC heap after
Heap after GC invocations=26 (full 4):
 par new generation   total 39296K, used 3850K [0x00000000d1200000, 0x00000000d3ca0000, 0x00000000e0c00000)
  eden space 34944K,   0% used [0x00000000d1200000, 0x00000000d1200000, 0x00000000d3420000)
  from space 4352K,  88% used [0x00000000d3420000, 0x00000000d37e2828, 0x00000000d3860000)
  to   space 4352K,   0% used [0x00000000d3860000, 0x00000000d3860000, 0x00000000d3ca0000)
 concurrent mark-sweep generation total 103524K, used 72035K [0x00000000e0c00000, 0x00000000e7119000, 0x0000000100000000)
 Metaspace       used 128044K, capacity 133988K, committed 134068K, reserved 1165312K
  class space    used 16764K, capacity 17889K, committed 17940K, reserved 1048576K
}
Event: 78.108 GC heap before
{Heap before GC invocations=26 (full 4):
 par new generation   total 39296K, used 38794K [0x00000000d1200000, 0x00000000d3ca0000, 0x00000000e0c00000)
  eden space 34944K, 100% used [0x00000000d1200000, 0x00000000d3420000, 0x00000000d3420000)
  from space 4352K,  88% used [0x00000000d3420000, 0x00000000d37e2828, 0x00000000d3860000)
  to   space 4352K,   0% used [0x00000000d3860000, 0x00000000d3860000, 0x00000000d3ca0000)
 concurrent mark-sweep generation total 103524K, used 72035K [0x00000000e0c00000, 0x00000000e7119000, 0x0000000100000000)
 Metaspace       used 128053K, capacity 133988K, committed 134068K, reserved 1165312K
  class space    used 16764K, capacity 17889K, committed 17940K, reserved 1048576K
Event: 78.123 GC heap after
Heap after GC invocations=27 (full 4):
 par new generation   total 39296K, used 4195K [0x00000000d1200000, 0x00000000d3ca0000, 0x00000000e0c00000)
  eden space 34944K,   0% used [0x00000000d1200000, 0x00000000d1200000, 0x00000000d3420000)
  from space 4352K,  96% used [0x00000000d3860000, 0x00000000d3c78df8, 0x00000000d3ca0000)
  to   space 4352K,   0% used [0x00000000d3420000, 0x00000000d3420000, 0x00000000d3860000)
 concurrent mark-sweep generation total 103524K, used 74709K [0x00000000e0c00000, 0x00000000e7119000, 0x0000000100000000)
 Metaspace       used 128053K, capacity 133988K, committed 134068K, reserved 1165312K
  class space    used 16764K, capacity 17889K, committed 17940K, reserved 1048576K
}
Event: 118.444 GC heap before
{Heap before GC invocations=27 (full 4):
 par new generation   total 39296K, used 39086K [0x00000000d1200000, 0x00000000d3ca0000, 0x00000000e0c00000)
  eden space 34944K,  99% used [0x00000000d1200000, 0x00000000d3412c30, 0x00000000d3420000)
  from space 4352K,  96% used [0x00000000d3860000, 0x00000000d3c78df8, 0x00000000d3ca0000)
  to   space 4352K,   0% used [0x00000000d3420000, 0x00000000d3420000, 0x00000000d3860000)
 concurrent mark-sweep generation total 103524K, used 74709K [0x00000000e0c00000, 0x00000000e7119000, 0x0000000100000000)
 Metaspace       used 128565K, capacity 134504K, committed 134580K, reserved 1165312K
  class space    used 16793K, capacity 17927K, committed 17940K, reserved 1048576K
Event: 118.468 GC heap after
Heap after GC invocations=28 (full 4):
 par new generation   total 39296K, used 4352K [0x00000000d1200000, 0x00000000d3ca0000, 0x00000000e0c00000)
  eden space 34944K,   0% used [0x00000000d1200000, 0x00000000d1200000, 0x00000000d3420000)
  from space 4352K, 100% used [0x00000000d3420000, 0x00000000d3860000, 0x00000000d3860000)
  to   space 4352K,   0% used [0x00000000d3860000, 0x00000000d3860000, 0x00000000d3ca0000)
 concurrent mark-sweep generation total 103524K, used 86018K [0x00000000e0c00000, 0x00000000e7119000, 0x0000000100000000)
 Metaspace       used 128565K, capacity 134504K, committed 134580K, reserved 1165312K
  class space    used 16793K, capacity 17927K, committed 17940K, reserved 1048576K
}

